<?xml version="1.0" encoding="UTF-8"?>
<!-- Generated by org.testng.reporters.JUnitReportReporter -->
<testsuite skipped="0" hostname="Razik" name="com.qa.runner.RunnerTest" tests="1" failures="0" timestamp="2021-10-18T16:41:32 IST" time="6.113" errors="0">
  <testcase name="runScenario" time="6.113" classname="com.qa.runner.RunnerTest"/>
  <system-out/>
</testsuite> <!-- com.qa.runner.RunnerTest -->
