<?xml version="1.0" encoding="UTF-8"?>
<!-- Generated by org.testng.reporters.JUnitReportReporter -->
<testsuite skipped="0" hostname="Razik" name="com.qa.testcases.CreateContactsPageTest" tests="4" failures="0" timestamp="2021-10-30T18:22:49 IST" time="69.370" errors="0">
  <testcase name="validateCreateContactTest" time="15.517" classname="com.qa.testcases.CreateContactsPageTest"/>
  <system-out/>
  <testcase name="validateCreateContactTest" time="17.953" classname="com.qa.testcases.CreateContactsPageTest"/>
  <system-out/>
  <testcase name="validateCreateContactTest" time="19.802" classname="com.qa.testcases.CreateContactsPageTest"/>
  <system-out/>
  <testcase name="validateCreateContactTest" time="16.098" classname="com.qa.testcases.CreateContactsPageTest"/>
  <system-out/>
</testsuite> <!-- com.qa.testcases.CreateContactsPageTest -->
