<?xml version="1.0" encoding="UTF-8"?>
<!-- Generated by org.testng.reporters.JUnitReportReporter -->
<testsuite skipped="0" hostname="Razik" name="com.qa.testcases.MyHomePageTest" tests="2" failures="0" timestamp="2021-10-30T18:22:49 IST" time="19.430" errors="0">
  <testcase name="verifyMyHomePageTitleTest" time="8.927" classname="com.qa.testcases.MyHomePageTest"/>
  <system-out/>
  <testcase name="verifyContactsLinkTest" time="10.503" classname="com.qa.testcases.MyHomePageTest"/>
  <system-out/>
</testsuite> <!-- com.qa.testcases.MyHomePageTest -->
