<?xml version="1.0" encoding="UTF-8"?>
<!-- Generated by org.testng.reporters.JUnitReportReporter -->
<testsuite skipped="0" hostname="Razik" name="com.qa.testcases.LoginPageTest" tests="3" failures="0" timestamp="2021-10-30T18:22:49 IST" time="31.900" errors="0">
  <testcase name="loginTest" time="19.512" classname="com.qa.testcases.LoginPageTest"/>
  <system-out/>
  <testcase name="loginPageTitletest" time="5.454" classname="com.qa.testcases.LoginPageTest"/>
  <system-out/>
  <testcase name="loginPageLogoTest" time="6.934" classname="com.qa.testcases.LoginPageTest"/>
  <system-out/>
</testsuite> <!-- com.qa.testcases.LoginPageTest -->
