<?xml version="1.0" encoding="UTF-8"?>
<!-- Generated by org.testng.reporters.JUnitReportReporter -->
<testsuite skipped="0" hostname="Razik" name="com.qa.testcases.CreateContactsPageTest" tests="4" failures="0" timestamp="2021-11-13T13:20:07 IST" time="70.642" errors="0">
  <testcase name="validateCreateContactTest" time="15.189" classname="com.qa.testcases.CreateContactsPageTest"/>
  <system-out/>
  <testcase name="validateCreateContactTest" time="16.745" classname="com.qa.testcases.CreateContactsPageTest"/>
  <system-out/>
  <testcase name="validateCreateContactTest" time="23.099" classname="com.qa.testcases.CreateContactsPageTest"/>
  <system-out/>
  <testcase name="validateCreateContactTest" time="15.609" classname="com.qa.testcases.CreateContactsPageTest"/>
  <system-out/>
</testsuite> <!-- com.qa.testcases.CreateContactsPageTest -->
